Build started 04/11/2018 15:39:01.
     1>Project "C:\Users\Aviel\Documents\GitHub\Snake\version1\Snake\Snake\Snake.vcxproj" on node 2 (build target(s)).
     1>InitializeBuildStatus:
         Creating "Debug\Snake.unsuccessfulbuild" because "AlwaysCreate" was specified.
       ClCompile:
         c:\Program Files (x86)\Microsoft Visual Studio 10.0\VC\bin\CL.exe /c /ZI /nologo /W3 /WX- /Od /Oy- /D _MBCS /Gm /EHsc /RTC1 /MDd /GS /fp:precise /Zc:wchar_t /Zc:forScope /Fo"Debug\\" /Fd"Debug\vc100.pdb" /Gd /TC /analyze- /errorReport:prompt ..\..\main.c
         main.c
     1>c:\users\aviel\documents\github\snake\version1\main.c(19): warning C4996: 'kbhit': The POSIX name for this item is deprecated. Instead, use the ISO C++ conformant name: _kbhit. See online help for details.
                 c:\program files (x86)\microsoft visual studio 10.0\vc\include\conio.h(130) : see declaration of 'kbhit'
     1>c:\users\aviel\documents\github\snake\version1\main.c(20): warning C4996: 'getch': The POSIX name for this item is deprecated. Instead, use the ISO C++ conformant name: _getch. See online help for details.
                 c:\program files (x86)\microsoft visual studio 10.0\vc\include\conio.h(128) : see declaration of 'getch'
     1>c:\users\aviel\documents\github\snake\version1\main.c(91): warning C4996: 'getch': The POSIX name for this item is deprecated. Instead, use the ISO C++ conformant name: _getch. See online help for details.
                 c:\program files (x86)\microsoft visual studio 10.0\vc\include\conio.h(128) : see declaration of 'getch'
     1>c:\users\aviel\documents\github\snake\version1\main.c(6): warning C4101: 'mov' : unreferenced local variable
       Link:
         c:\Program Files (x86)\Microsoft Visual Studio 10.0\VC\bin\link.exe /ERRORREPORT:PROMPT /OUT:"C:\Users\Aviel\Documents\GitHub\Snake\version1\Snake\Debug\Snake.exe" /NOLOGO kernel32.lib user32.lib gdi32.lib winspool.lib comdlg32.lib advapi32.lib shell32.lib ole32.lib oleaut32.lib uuid.lib odbc32.lib odbccp32.lib /MANIFEST /ManifestFile:"Debug\Snake.exe.intermediate.manifest" /MANIFESTUAC:"level='asInvoker' uiAccess='false'" /DEBUG /PDB:"C:\Users\Aviel\Documents\GitHub\Snake\version1\Snake\Debug\Snake.pdb" /TLBID:1 /DYNAMICBASE /NXCOMPAT /IMPLIB:"C:\Users\Aviel\Documents\GitHub\Snake\version1\Snake\Debug\Snake.lib" /MACHINE:X86 Debug\main.obj
         Debug\snake.obj
         LINK : C:\Users\Aviel\Documents\GitHub\Snake\version1\Snake\Debug\Snake.exe not found or not built by the last incremental link; performing full link
         Snake.vcxproj -> C:\Users\Aviel\Documents\GitHub\Snake\version1\Snake\Debug\Snake.exe
       Manifest:
         C:\Program Files (x86)\Microsoft SDKs\Windows\v7.0A\bin\mt.exe /nologo /verbose /outputresource:"C:\Users\Aviel\Documents\GitHub\Snake\version1\Snake\Debug\Snake.exe;#1" /manifest Debug\Snake.exe.intermediate.manifest
       FinalizeBuildStatus:
         Deleting file "Debug\Snake.unsuccessfulbuild".
         Touching "Debug\Snake.lastbuildstate".
     1>Done Building Project "C:\Users\Aviel\Documents\GitHub\Snake\version1\Snake\Snake\Snake.vcxproj" (build target(s)).

Build succeeded.

Time Elapsed 00:00:00.59
